2018-09-19 14:24:10 -Starting BootdoApplication on DESKTOP-TJQA6A5 with PID 18700 (started by admin in E:\work\自己的项目\bootdo 20180826\bootdo)
2018-09-19 14:24:10 -Running with Spring Boot v2.0.3.RELEASE, Spring v5.0.7.RELEASE
2018-09-19 14:24:10 -The following profiles are active: dev
2018-09-19 14:24:10 -Refreshing org.springframework.boot.web.servlet.context.AnnotationConfigServletWebServerApplicationContext@a38c7fe: startup date [Wed Sep 19 14:24:10 CST 2018]; root of context hierarchy
2018-09-19 14:24:15 -Starting BootdoApplication on DESKTOP-TJQA6A5 with PID 16204 (started by admin in E:\work\自己的项目\bootdo 20180826\bootdo)
2018-09-19 14:24:15 -Running with Spring Boot v2.0.3.RELEASE, Spring v5.0.7.RELEASE
2018-09-19 14:24:15 -The following profiles are active: dev
2018-09-19 14:24:16 -Refreshing org.springframework.boot.web.servlet.context.AnnotationConfigServletWebServerApplicationContext@57fd91c9: startup date [Wed Sep 19 14:24:16 CST 2018]; root of context hierarchy
2018-09-19 14:24:18 -Multiple Spring Data modules found, entering strict repository configuration mode!
2018-09-19 14:24:19 -Bean 'org.springframework.transaction.annotation.ProxyTransactionManagementConfiguration' of type [org.springframework.transaction.annotation.ProxyTransactionManagementConfiguration$$EnhancerBySpringCGLIB$$9e47b273] is not eligible for getting processed by all BeanPostProcessors (for example: not eligible for auto-proxying)
2018-09-19 14:24:19 -Bean 'shiroConfig' of type [com.bootdo.system.config.ShiroConfig$$EnhancerBySpringCGLIB$$90a0e11a] is not eligible for getting processed by all BeanPostProcessors (for example: not eligible for auto-proxying)
2018-09-19 14:24:20 -Bean 'userRealm' of type [com.bootdo.system.shiro.UserRealm] is not eligible for getting processed by all BeanPostProcessors (for example: not eligible for auto-proxying)
2018-09-19 14:24:20 -No configuration found. Configuring ehcache from ehcache-failsafe.xml  found in the classpath: jar:file:/D:/repository/net/sf/ehcache/ehcache/2.10.5/ehcache-2.10.5.jar!/ehcache-failsafe.xml
2018-09-19 14:24:20 -Bean 'cacheManager2' of type [net.sf.ehcache.CacheManager] is not eligible for getting processed by all BeanPostProcessors (for example: not eligible for auto-proxying)
2018-09-19 14:24:20 -Bean 'ehCacheManager' of type [org.apache.shiro.cache.ehcache.EhCacheManager] is not eligible for getting processed by all BeanPostProcessors (for example: not eligible for auto-proxying)
2018-09-19 14:24:20 -Cache with name 'com.bootdo.system.shiro.UserRealm.authorizationCache' does not yet exist.  Creating now.
2018-09-19 14:24:20 -Added EhCache named [com.bootdo.system.shiro.UserRealm.authorizationCache]
2018-09-19 14:24:20 -Bean 'sessionDAO' of type [org.apache.shiro.session.mgt.eis.MemorySessionDAO] is not eligible for getting processed by all BeanPostProcessors (for example: not eligible for auto-proxying)
2018-09-19 14:24:20 -Bean 'sessionManager' of type [org.apache.shiro.web.session.mgt.DefaultWebSessionManager] is not eligible for getting processed by all BeanPostProcessors (for example: not eligible for auto-proxying)
2018-09-19 14:24:20 -Bean 'securityManager' of type [org.apache.shiro.web.mgt.DefaultWebSecurityManager] is not eligible for getting processed by all BeanPostProcessors (for example: not eligible for auto-proxying)
2018-09-19 14:24:20 -Bean 'authorizationAttributeSourceAdvisor' of type [org.apache.shiro.spring.security.interceptor.AuthorizationAttributeSourceAdvisor] is not eligible for getting processed by all BeanPostProcessors (for example: not eligible for auto-proxying)
2018-09-19 14:24:21 -Tomcat initialized with port(s): 8080 (http)
2018-09-19 14:24:21 -Initializing ProtocolHandler ["http-nio-8080"]
2018-09-19 14:24:21 -Starting service [Tomcat]
2018-09-19 14:24:21 -Starting Servlet Engine: Apache Tomcat/8.5.31
2018-09-19 14:24:21 -The APR based Apache Tomcat Native library which allows optimal performance in production environments was not found on the java.library.path: [C:\Program Files\Java\jdk1.8.0_131\bin;C:\WINDOWS\Sun\Java\bin;C:\WINDOWS\system32;C:\WINDOWS;C:\ProgramData\Oracle\Java\javapath;C:\Program Files (x86)\Intel\Intel(R) Management Engine Components\iCLS\;C:\Program Files\Intel\Intel(R) Management Engine Components\iCLS\;C:\WINDOWS\system32;C:\WINDOWS;C:\WINDOWS\System32\Wbem;C:\WINDOWS\System32\WindowsPowerShell\v1.0\;C:\Program Files (x86)\Intel\Intel(R) Management Engine Components\DAL;C:\Program Files\Intel\Intel(R) Management Engine Components\DAL;C:\Program Files (x86)\Intel\Intel(R) Management Engine Components\IPT;C:\Program Files\Intel\Intel(R) Management Engine Components\IPT;D:\Program Files\Git\Git\cmd;C:\Program Files\Java\jdk1.8.0_131\bin;C:\Program Files\Java\jdk1.8.0_131\jre\bin;D:\soft\apache-maven-3.3.9\bin;C:\Program Files\nodejs\;C:\WINDOWS\System32\OpenSSH\;C:\Users\admin\AppData\Local\Microsoft\WindowsApps;C:\Users\admin\AppData\Roaming\npm;;.]
2018-09-19 14:24:21 -Initializing Spring embedded WebApplicationContext
2018-09-19 14:24:21 -Root WebApplicationContext: initialization completed in 5830 ms
2018-09-19 14:24:22 -Mapping filter: 'characterEncodingFilter' to: [/*]
2018-09-19 14:24:22 -Mapping filter: 'hiddenHttpMethodFilter' to: [/*]
2018-09-19 14:24:22 -Mapping filter: 'httpPutFormContentFilter' to: [/*]
2018-09-19 14:24:22 -Mapping filter: 'requestContextFilter' to: [/*]
2018-09-19 14:24:22 -Filter xssFilter was not registered (disabled)
2018-09-19 14:24:22 -Mapping filter: 'webStatFilter' to urls: [/*]
2018-09-19 14:24:22 -Mapping filter: 'shiroFilterFactoryBean' to: [/*]
2018-09-19 14:24:22 -Servlet statViewServlet mapped to [/druid/*]
2018-09-19 14:24:22 -Servlet dispatcherServlet mapped to [/]
2018-09-19 14:24:22 -{dataSource-1} inited
2018-09-19 14:24:24 -ProcessEngine default created
2018-09-19 14:24:25 -ApplicationContext registed-->org.springframework.boot.web.servlet.context.AnnotationConfigServletWebServerApplicationContext@57fd91c9: startup date [Wed Sep 19 14:24:16 CST 2018]; root of context hierarchy
2018-09-19 14:24:25 -Using default implementation for ThreadExecutor
2018-09-19 14:24:25 -Initialized Scheduler Signaller of type: class org.quartz.core.SchedulerSignalerImpl
2018-09-19 14:24:25 -Quartz Scheduler v.2.2.1 created.
2018-09-19 14:24:25 -RAMJobStore initialized.
2018-09-19 14:24:25 -Scheduler meta-data: Quartz Scheduler (v2.2.1) 'schedulerFactoryBean' with instanceId 'NON_CLUSTERED'
  Scheduler class: 'org.quartz.core.QuartzScheduler' - running locally.
  NOT STARTED.
  Currently in standby mode.
  Number of jobs executed: 0
  Using thread pool 'org.quartz.simpl.SimpleThreadPool' - with 10 threads.
  Using job-store 'org.quartz.simpl.RAMJobStore' - which does not support persistence. and is not clustered.

2018-09-19 14:24:25 -Quartz scheduler 'schedulerFactoryBean' initialized from an externally provided properties instance.
2018-09-19 14:24:25 -Quartz scheduler version: 2.2.1
2018-09-19 14:24:25 -JobFactory set to: com.bootdo.common.quartz.factory.JobFactory@1d38cdde
2018-09-19 14:24:25 -Initializing ExecutorService  'clientInboundChannelExecutor'
2018-09-19 14:24:25 -Initializing ExecutorService  'clientOutboundChannelExecutor'
2018-09-19 14:24:27 -Mapped "{[/activiti/model/{id}],methods=[DELETE]}" onto public com.bootdo.common.utils.R com.bootdo.activiti.controller.ModelController.remove(java.lang.String)
2018-09-19 14:24:27 -Mapped "{[/activiti/model/list],methods=[GET]}" onto com.bootdo.common.utils.PageUtils com.bootdo.activiti.controller.ModelController.list(int,int)
2018-09-19 14:24:27 -Mapped "{[/activiti/model/batchRemove],methods=[POST]}" onto public com.bootdo.common.utils.R com.bootdo.activiti.controller.ModelController.batchRemove(java.lang.String[])
2018-09-19 14:24:27 -Mapped "{[/activiti/model],methods=[GET]}" onto org.springframework.web.servlet.ModelAndView com.bootdo.activiti.controller.ModelController.model()
2018-09-19 14:24:27 -Mapped "{[/activiti/model/deploy/{id}],methods=[POST]}" onto public com.bootdo.common.utils.R com.bootdo.activiti.controller.ModelController.deploy(java.lang.String) throws java.lang.Exception
2018-09-19 14:24:27 -Mapped "{[/activiti/model/add]}" onto public void com.bootdo.activiti.controller.ModelController.newModel(javax.servlet.http.HttpServletResponse) throws java.io.UnsupportedEncodingException
2018-09-19 14:24:27 -Mapped "{[/activiti/model/{modelId}/json],methods=[GET]}" onto public com.fasterxml.jackson.databind.node.ObjectNode com.bootdo.activiti.controller.ModelController.getEditorJson(java.lang.String)
2018-09-19 14:24:27 -Mapped "{[/activiti/editor/stencilset],methods=[GET],produces=[application/json;charset=utf-8]}" onto public java.lang.String com.bootdo.activiti.controller.ModelController.getStencilset()
2018-09-19 14:24:27 -Mapped "{[/activiti/model/edit/{id}],methods=[GET]}" onto public void com.bootdo.activiti.controller.ModelController.edit(javax.servlet.http.HttpServletResponse,java.lang.String)
2018-09-19 14:24:27 -Mapped "{[/activiti/model/{modelId}/save],methods=[PUT]}" onto public void com.bootdo.activiti.controller.ModelController.saveModel(java.lang.String,java.lang.String,java.lang.String,java.lang.String,java.lang.String)
2018-09-19 14:24:27 -Mapped "{[/activiti/model/export/{id}],methods=[GET]}" onto public void com.bootdo.activiti.controller.ModelController.exportToXml(java.lang.String,javax.servlet.http.HttpServletResponse)
2018-09-19 14:24:27 -Mapped "{[/activiti/process/add],methods=[GET]}" onto public org.springframework.web.servlet.ModelAndView com.bootdo.activiti.controller.ProcessController.add()
2018-09-19 14:24:27 -Mapped "{[/activiti/process/remove],methods=[POST]}" onto public com.bootdo.common.utils.R com.bootdo.activiti.controller.ProcessController.remove(java.lang.String)
2018-09-19 14:24:27 -Mapped "{[/activiti/process/list],methods=[GET]}" onto com.bootdo.common.utils.PageUtils com.bootdo.activiti.controller.ProcessController.list(int,int)
2018-09-19 14:24:27 -Mapped "{[/activiti/process/batchRemove],methods=[POST]}" onto public com.bootdo.common.utils.R com.bootdo.activiti.controller.ProcessController.batchRemove(java.lang.String[])
2018-09-19 14:24:27 -Mapped "{[/activiti/process],methods=[GET]}" onto org.springframework.web.servlet.ModelAndView com.bootdo.activiti.controller.ProcessController.process()
2018-09-19 14:24:27 -Mapped "{[/activiti/process/save],methods=[POST]}" onto public com.bootdo.common.utils.R com.bootdo.activiti.controller.ProcessController.deploy(java.lang.String,java.lang.String,org.springframework.web.multipart.MultipartFile)
2018-09-19 14:24:27 -Mapped "{[/activiti/process/convertToModel/{procDefId}]}" onto public com.bootdo.common.utils.R com.bootdo.activiti.controller.ProcessController.convertToModel(java.lang.String,org.springframework.web.servlet.mvc.support.RedirectAttributes) throws java.io.UnsupportedEncodingException,javax.xml.stream.XMLStreamException
2018-09-19 14:24:27 -Mapped "{[/activiti/process/resource/read/{xml}/{id}]}" onto public void com.bootdo.activiti.controller.ProcessController.resourceRead(java.lang.String,java.lang.String,javax.servlet.http.HttpServletResponse) throws java.lang.Exception
2018-09-19 14:24:27 -Mapped "{[/act/salary/form],methods=[GET]}" onto java.lang.String com.bootdo.activiti.controller.SalaryController.add()
2018-09-19 14:24:27 -Mapped "{[/act/salary/remove],methods=[POST]}" onto public com.bootdo.common.utils.R com.bootdo.activiti.controller.SalaryController.remove(java.lang.String)
2018-09-19 14:24:27 -Mapped "{[/act/salary/batchRemove],methods=[POST]}" onto public com.bootdo.common.utils.R com.bootdo.activiti.controller.SalaryController.remove(java.lang.String[])
2018-09-19 14:24:27 -Mapped "{[/act/salary/update]}" onto public com.bootdo.common.utils.R com.bootdo.activiti.controller.SalaryController.update(com.bootdo.activiti.domain.SalaryDO)
2018-09-19 14:24:27 -Mapped "{[/act/salary/list],methods=[GET]}" onto public com.bootdo.common.utils.PageUtils com.bootdo.activiti.controller.SalaryController.list(java.util.Map<java.lang.String, java.lang.Object>)
2018-09-19 14:24:27 -Mapped "{[/act/salary/form/{taskId}],methods=[GET]}" onto java.lang.String com.bootdo.activiti.controller.SalaryController.edit(java.lang.String,org.springframework.ui.Model)
2018-09-19 14:24:27 -Mapped "{[/act/salary],methods=[GET]}" onto java.lang.String com.bootdo.activiti.controller.SalaryController.Salary()
2018-09-19 14:24:27 -Mapped "{[/act/salary/save],methods=[POST]}" onto public com.bootdo.common.utils.R com.bootdo.activiti.controller.SalaryController.saveOrUpdate(com.bootdo.activiti.domain.SalaryDO)
2018-09-19 14:24:27 -Mapped "{[/activiti/task/form/{procDefId}/{taskId}],methods=[GET]}" onto public void com.bootdo.activiti.controller.TaskController.form(java.lang.String,java.lang.String,javax.servlet.http.HttpServletResponse) throws java.io.IOException
2018-09-19 14:24:27 -Mapped "{[/activiti/task/gotoList],methods=[GET]}" onto com.bootdo.common.utils.PageUtils com.bootdo.activiti.controller.TaskController.list(int,int)
2018-09-19 14:24:27 -Mapped "{[/activiti/task/goto],methods=[GET]}" onto public org.springframework.web.servlet.ModelAndView com.bootdo.activiti.controller.TaskController.gotoTask()
2018-09-19 14:24:27 -Mapped "{[/activiti/task/form/{procDefId}],methods=[GET]}" onto public void com.bootdo.activiti.controller.TaskController.startForm(java.lang.String,javax.servlet.http.HttpServletResponse) throws java.io.IOException
2018-09-19 14:24:27 -Mapped "{[/activiti/task/todo],methods=[GET]}" onto org.springframework.web.servlet.ModelAndView com.bootdo.activiti.controller.TaskController.todo()
2018-09-19 14:24:27 -Mapped "{[/activiti/task/todoList],methods=[GET]}" onto java.util.List<com.bootdo.activiti.vo.TaskVO> com.bootdo.activiti.controller.TaskController.todoList()
2018-09-19 14:24:27 -Mapped "{[/activiti/task/trace/photo/{procDefId}/{execId}]}" onto public void com.bootdo.activiti.controller.TaskController.tracePhoto(java.lang.String,java.lang.String,javax.servlet.http.HttpServletResponse) throws java.lang.Exception
2018-09-19 14:24:27 -Mapped "{[/js/plugins/ueditor/config]}" onto public java.lang.String com.bootdo.baidu.UeditorController.config(javax.servlet.http.HttpServletRequest,javax.servlet.http.HttpServletResponse)
2018-09-19 14:24:27 -Mapped "{[/ueditor]}" onto public java.lang.String com.bootdo.baidu.UeditorController.ueditor(javax.servlet.http.HttpServletRequest,javax.servlet.http.HttpServletResponse)
2018-09-19 14:24:27 -Mapped "{[/blog/open/list],methods=[GET]}" onto public com.bootdo.common.utils.PageUtils com.bootdo.blog.controller.BlogController.opentList(java.util.Map<java.lang.String, java.lang.Object>)
2018-09-19 14:24:27 -Mapped "{[/blog],methods=[GET]}" onto java.lang.String com.bootdo.blog.controller.BlogController.blog()
2018-09-19 14:24:27 -Mapped "{[/blog/open/page/{categories}],methods=[GET]}" onto java.lang.String com.bootdo.blog.controller.BlogController.about(java.lang.String,org.springframework.ui.Model)
2018-09-19 14:24:27 -Mapped "{[/blog/open/post/{cid}],methods=[GET]}" onto java.lang.String com.bootdo.blog.controller.BlogController.post(java.lang.Long,org.springframework.ui.Model)
2018-09-19 14:24:27 -Mapped "{[/blog/bContent/add],methods=[GET]}" onto java.lang.String com.bootdo.blog.controller.ContentController.add()
2018-09-19 14:24:27 -Mapped "{[/blog/bContent/remove],methods=[POST]}" onto public com.bootdo.common.utils.R com.bootdo.blog.controller.ContentController.remove(java.lang.Long)
2018-09-19 14:24:27 -Mapped "{[/blog/bContent/batchRemove],methods=[POST]}" onto public com.bootdo.common.utils.R com.bootdo.blog.controller.ContentController.remove(java.lang.Long[])
2018-09-19 14:24:27 -Mapped "{[/blog/bContent/update]}" onto public com.bootdo.common.utils.R com.bootdo.blog.controller.ContentController.update(com.bootdo.blog.domain.ContentDO)
2018-09-19 14:24:27 -Mapped "{[/blog/bContent/list],methods=[GET]}" onto public com.bootdo.common.utils.PageUtils com.bootdo.blog.controller.ContentController.list(java.util.Map<java.lang.String, java.lang.Object>)
2018-09-19 14:24:27 -Mapped "{[/blog/bContent/save],methods=[POST]}" onto public com.bootdo.common.utils.R com.bootdo.blog.controller.ContentController.save(com.bootdo.blog.domain.ContentDO)
2018-09-19 14:24:27 -Mapped "{[/blog/bContent/edit/{cid}],methods=[GET]}" onto java.lang.String com.bootdo.blog.controller.ContentController.edit(java.lang.Long,org.springframework.ui.Model)
2018-09-19 14:24:27 -Mapped "{[/blog/bContent],methods=[GET]}" onto java.lang.String com.bootdo.blog.controller.ContentController.bContent()
2018-09-19 14:24:27 -Mapped "{[/common/dict/add],methods=[GET]}" onto java.lang.String com.bootdo.common.controller.DictController.add()
2018-09-19 14:24:27 -Mapped "{[/common/dict/remove],methods=[POST]}" onto public com.bootdo.common.utils.R com.bootdo.common.controller.DictController.remove(java.lang.Long)
2018-09-19 14:24:27 -Mapped "{[/common/dict/batchRemove],methods=[POST]}" onto public com.bootdo.common.utils.R com.bootdo.common.controller.DictController.remove(java.lang.Long[])
2018-09-19 14:24:27 -Mapped "{[/common/dict/update]}" onto public com.bootdo.common.utils.R com.bootdo.common.controller.DictController.update(com.bootdo.common.domain.DictDO)
2018-09-19 14:24:27 -Mapped "{[/common/dict/list],methods=[GET]}" onto public com.bootdo.common.utils.PageUtils com.bootdo.common.controller.DictController.list(java.util.Map<java.lang.String, java.lang.Object>)
2018-09-19 14:24:27 -Mapped "{[/common/dict/save],methods=[POST]}" onto public com.bootdo.common.utils.R com.bootdo.common.controller.DictController.save(com.bootdo.common.domain.DictDO)
2018-09-19 14:24:27 -Mapped "{[/common/dict/type],methods=[GET]}" onto public java.util.List<com.bootdo.common.domain.DictDO> com.bootdo.common.controller.DictController.listType()
2018-09-19 14:24:27 -Mapped "{[/common/dict/edit/{id}],methods=[GET]}" onto java.lang.String com.bootdo.common.controller.DictController.edit(java.lang.Long,org.springframework.ui.Model)
2018-09-19 14:24:27 -Mapped "{[/common/dict],methods=[GET]}" onto java.lang.String com.bootdo.common.controller.DictController.dict()
2018-09-19 14:24:27 -Mapped "{[/common/dict/list/{type}],methods=[GET]}" onto public java.util.List<com.bootdo.common.domain.DictDO> com.bootdo.common.controller.DictController.listByType(java.lang.String)
2018-09-19 14:24:27 -Mapped "{[/common/dict/add/{type}/{description}],methods=[GET]}" onto java.lang.String com.bootdo.common.controller.DictController.addD(org.springframework.ui.Model,java.lang.String,java.lang.String)
2018-09-19 14:24:27 -Mapped "{[/common/sysFile/add],methods=[GET]}" onto java.lang.String com.bootdo.common.controller.FileController.add()
2018-09-19 14:24:27 -Mapped "{[/common/sysFile/remove],methods=[POST]}" onto public com.bootdo.common.utils.R com.bootdo.common.controller.FileController.remove(java.lang.Long,javax.servlet.http.HttpServletRequest)
2018-09-19 14:24:27 -Mapped "{[/common/sysFile/batchRemove],methods=[POST]}" onto public com.bootdo.common.utils.R com.bootdo.common.controller.FileController.remove(java.lang.Long[])
2018-09-19 14:24:27 -Mapped "{[/common/sysFile/update]}" onto public com.bootdo.common.utils.R com.bootdo.common.controller.FileController.update(com.bootdo.common.domain.FileDO)
2018-09-19 14:24:27 -Mapped "{[/common/sysFile/list],methods=[GET]}" onto public com.bootdo.common.utils.PageUtils com.bootdo.common.controller.FileController.list(java.util.Map<java.lang.String, java.lang.Object>)
2018-09-19 14:24:27 -Mapped "{[/common/sysFile/save],methods=[POST]}" onto public com.bootdo.common.utils.R com.bootdo.common.controller.FileController.save(com.bootdo.common.domain.FileDO)
2018-09-19 14:24:27 -Mapped "{[/common/sysFile/info/{id}]}" onto public com.bootdo.common.utils.R com.bootdo.common.controller.FileController.info(java.lang.Long)
2018-09-19 14:24:27 -Mapped "{[/common/sysFile/edit],methods=[GET]}" onto java.lang.String com.bootdo.common.controller.FileController.edit(java.lang.Long,org.springframework.ui.Model)
2018-09-19 14:24:27 -Mapped "{[/common/sysFile],methods=[GET]}" onto java.lang.String com.bootdo.common.controller.FileController.sysFile(org.springframework.ui.Model)
2018-09-19 14:24:27 -Mapped "{[/common/sysFile/upload],methods=[POST]}" onto com.bootdo.common.utils.R com.bootdo.common.controller.FileController.upload(org.springframework.web.multipart.MultipartFile,javax.servlet.http.HttpServletRequest)
2018-09-19 14:24:27 -Mapped "{[/common/sysFile/uploadImg],methods=[POST]}" onto public java.lang.String com.bootdo.common.controller.FileController.uploadImg(org.springframework.web.multipart.MultipartFile,javax.servlet.http.HttpServletRequest)
2018-09-19 14:24:27 -Mapped "{[/common/generator/update],methods=[POST]}" onto com.bootdo.common.utils.R com.bootdo.common.controller.GeneratorController.update(java.util.Map<java.lang.String, java.lang.Object>)
2018-09-19 14:24:27 -Mapped "{[/common/generator/list],methods=[GET]}" onto java.util.List<java.util.Map<java.lang.String, java.lang.Object>> com.bootdo.common.controller.GeneratorController.list()
2018-09-19 14:24:27 -Mapped "{[/common/generator/code/{tableName}]}" onto public void com.bootdo.common.controller.GeneratorController.code(javax.servlet.http.HttpServletRequest,javax.servlet.http.HttpServletResponse,java.lang.String) throws java.io.IOException
2018-09-19 14:24:27 -Mapped "{[/common/generator],methods=[GET]}" onto java.lang.String com.bootdo.common.controller.GeneratorController.generator()
2018-09-19 14:24:27 -Mapped "{[/common/generator/edit],methods=[GET]}" onto public java.lang.String com.bootdo.common.controller.GeneratorController.edit(org.springframework.ui.Model)
2018-09-19 14:24:27 -Mapped "{[/common/generator/batchCode]}" onto public void com.bootdo.common.controller.GeneratorController.batchCode(javax.servlet.http.HttpServletRequest,javax.servlet.http.HttpServletResponse,java.lang.String) throws java.io.IOException
2018-09-19 14:24:27 -Mapped "{[/common/job/add],methods=[GET]}" onto java.lang.String com.bootdo.common.controller.JobController.add()
2018-09-19 14:24:27 -Mapped "{[/common/job/remove],methods=[POST]}" onto public com.bootdo.common.utils.R com.bootdo.common.controller.JobController.remove(java.lang.Long)
2018-09-19 14:24:27 -Mapped "{[/common/job/batchRemove],methods=[POST]}" onto public com.bootdo.common.utils.R com.bootdo.common.controller.JobController.remove(java.lang.Long[])
2018-09-19 14:24:27 -Mapped "{[/common/job/update],methods=[POST]}" onto public com.bootdo.common.utils.R com.bootdo.common.controller.JobController.update(com.bootdo.common.domain.TaskDO)
2018-09-19 14:24:27 -Mapped "{[/common/job/list],methods=[GET]}" onto public com.bootdo.common.utils.PageUtils com.bootdo.common.controller.JobController.list(java.util.Map<java.lang.String, java.lang.Object>)
2018-09-19 14:24:27 -Mapped "{[/common/job/save],methods=[POST]}" onto public com.bootdo.common.utils.R com.bootdo.common.controller.JobController.save(com.bootdo.common.domain.TaskDO)
2018-09-19 14:24:27 -Mapped "{[/common/job/info/{id}]}" onto public com.bootdo.common.utils.R com.bootdo.common.controller.JobController.info(java.lang.Long)
2018-09-19 14:24:27 -Mapped "{[/common/job/edit/{id}],methods=[GET]}" onto java.lang.String com.bootdo.common.controller.JobController.edit(java.lang.Long,org.springframework.ui.Model)
2018-09-19 14:24:27 -Mapped "{[/common/job],methods=[GET]}" onto java.lang.String com.bootdo.common.controller.JobController.taskScheduleJob()
2018-09-19 14:24:27 -Mapped "{[/common/job/changeJobStatus],methods=[POST]}" onto public com.bootdo.common.utils.R com.bootdo.common.controller.JobController.changeJobStatus(java.lang.Long,java.lang.String)
2018-09-19 14:24:27 -Mapped "{[/common/log/remove],methods=[POST]}" onto com.bootdo.common.utils.R com.bootdo.common.controller.LogController.remove(java.lang.Long)
2018-09-19 14:24:27 -Mapped "{[/common/log],methods=[GET]}" onto java.lang.String com.bootdo.common.controller.LogController.log()
2018-09-19 14:24:27 -Mapped "{[/common/log/list],methods=[GET]}" onto com.bootdo.common.domain.PageDO<com.bootdo.common.domain.LogDO> com.bootdo.common.controller.LogController.list(java.util.Map<java.lang.String, java.lang.Object>)
2018-09-19 14:24:27 -Mapped "{[/common/log/batchRemove],methods=[POST]}" onto com.bootdo.common.utils.R com.bootdo.common.controller.LogController.batchRemove(java.lang.Long[])
2018-09-19 14:24:27 -Mapped "{[/error]}" onto public com.bootdo.common.utils.R com.bootdo.common.exception.MainsiteErrorController.handleError(javax.servlet.http.HttpServletRequest,javax.servlet.http.HttpServletResponse)
2018-09-19 14:24:27 -Mapped "{[/error],produces=[text/html]}" onto public org.springframework.web.servlet.ModelAndView com.bootdo.common.exception.MainsiteErrorController.errorHtml(javax.servlet.http.HttpServletRequest,javax.servlet.http.HttpServletResponse)
2018-09-19 14:24:27 -Mapped "{[/oa/notify/add],methods=[GET]}" onto java.lang.String com.bootdo.oa.controller.NotifyController.add()
2018-09-19 14:24:27 -Mapped "{[/oa/notify/remove],methods=[POST]}" onto public com.bootdo.common.utils.R com.bootdo.oa.controller.NotifyController.remove(java.lang.Long)
2018-09-19 14:24:27 -Mapped "{[/oa/notify/batchRemove],methods=[POST]}" onto public com.bootdo.common.utils.R com.bootdo.oa.controller.NotifyController.remove(java.lang.Long[])
2018-09-19 14:24:27 -Mapped "{[/oa/notify/update]}" onto public com.bootdo.common.utils.R com.bootdo.oa.controller.NotifyController.update(com.bootdo.oa.domain.NotifyDO)
2018-09-19 14:24:27 -Mapped "{[/oa/notify/read/{id}],methods=[GET]}" onto java.lang.String com.bootdo.oa.controller.NotifyController.read(java.lang.Long,org.springframework.ui.Model)
2018-09-19 14:24:27 -Mapped "{[/oa/notify/list],methods=[GET]}" onto public com.bootdo.common.utils.PageUtils com.bootdo.oa.controller.NotifyController.list(java.util.Map<java.lang.String, java.lang.Object>)
2018-09-19 14:24:27 -Mapped "{[/oa/notify/save],methods=[POST]}" onto public com.bootdo.common.utils.R com.bootdo.oa.controller.NotifyController.save(com.bootdo.oa.domain.NotifyDO)
2018-09-19 14:24:27 -Mapped "{[/oa/notify/message],methods=[GET]}" onto com.bootdo.common.utils.PageUtils com.bootdo.oa.controller.NotifyController.message()
2018-09-19 14:24:27 -Mapped "{[/oa/notify/edit/{id}],methods=[GET]}" onto java.lang.String com.bootdo.oa.controller.NotifyController.edit(java.lang.Long,org.springframework.ui.Model)
2018-09-19 14:24:27 -Mapped "{[/oa/notify],methods=[GET]}" onto java.lang.String com.bootdo.oa.controller.NotifyController.oaNotify()
2018-09-19 14:24:27 -Mapped "{[/oa/notify/selfNotify],methods=[GET]}" onto java.lang.String com.bootdo.oa.controller.NotifyController.selefNotify()
2018-09-19 14:24:27 -Mapped "{[/oa/notify/selfList],methods=[GET]}" onto com.bootdo.common.utils.PageUtils com.bootdo.oa.controller.NotifyController.selfList(java.util.Map<java.lang.String, java.lang.Object>)
2018-09-19 14:24:27 -Mapped "{[/pc/appointment/add],methods=[GET]}" onto java.lang.String com.bootdo.pc.controller.AppointmentController.add()
2018-09-19 14:24:27 -Mapped "{[/pc/appointment/remove],methods=[POST]}" onto public com.bootdo.common.utils.R com.bootdo.pc.controller.AppointmentController.remove(java.lang.Integer)
2018-09-19 14:24:27 -Mapped "{[/pc/appointment/batchRemove],methods=[POST]}" onto public com.bootdo.common.utils.R com.bootdo.pc.controller.AppointmentController.remove(java.lang.Integer[])
2018-09-19 14:24:27 -Mapped "{[/pc/appointment/update]}" onto public com.bootdo.common.utils.R com.bootdo.pc.controller.AppointmentController.update(com.bootdo.pc.domain.AppointmentDO)
2018-09-19 14:24:27 -Mapped "{[/pc/appointment/list],methods=[GET]}" onto public com.bootdo.common.utils.PageUtils com.bootdo.pc.controller.AppointmentController.list(java.util.Map<java.lang.String, java.lang.Object>)
2018-09-19 14:24:27 -Mapped "{[/pc/appointment/save],methods=[POST]}" onto public com.bootdo.common.utils.R com.bootdo.pc.controller.AppointmentController.save(com.bootdo.pc.domain.AppointmentDO)
2018-09-19 14:24:27 -Mapped "{[/pc/appointment],methods=[GET]}" onto java.lang.String com.bootdo.pc.controller.AppointmentController.Appointment()
2018-09-19 14:24:27 -Mapped "{[/pc/appointment/edit/{id}],methods=[GET]}" onto java.lang.String com.bootdo.pc.controller.AppointmentController.edit(java.lang.Integer,org.springframework.ui.Model)
2018-09-19 14:24:27 -Mapped "{[/pc/gw/add],methods=[GET]}" onto java.lang.String com.bootdo.pc.controller.GwController.add()
2018-09-19 14:24:27 -Mapped "{[/pc/gw/remove],methods=[POST]}" onto public com.bootdo.common.utils.R com.bootdo.pc.controller.GwController.remove(java.lang.Integer)
2018-09-19 14:24:27 -Mapped "{[/pc/gw/batchRemove],methods=[POST]}" onto public com.bootdo.common.utils.R com.bootdo.pc.controller.GwController.remove(java.lang.Integer[])
2018-09-19 14:24:27 -Mapped "{[/pc/gw/update]}" onto public com.bootdo.common.utils.R com.bootdo.pc.controller.GwController.update(com.bootdo.pc.domain.GwDO)
2018-09-19 14:24:27 -Mapped "{[/pc/gw/list],methods=[POST]}" onto public com.bootdo.common.utils.PageUtils com.bootdo.pc.controller.GwController.list(java.util.Map<java.lang.String, java.lang.Object>)
2018-09-19 14:24:27 -Mapped "{[/pc/gw/save],methods=[POST]}" onto public com.bootdo.common.utils.R com.bootdo.pc.controller.GwController.save(com.bootdo.pc.domain.GwDO)
2018-09-19 14:24:27 -Mapped "{[/pc/gw],methods=[GET]}" onto java.lang.String com.bootdo.pc.controller.GwController.Gw()
2018-09-19 14:24:27 -Mapped "{[/pc/gw/edit/{id}],methods=[GET]}" onto java.lang.String com.bootdo.pc.controller.GwController.edit(java.lang.Integer,org.springframework.ui.Model)
2018-09-19 14:24:27 -Mapped "{[/pc/investmentAdmin/add],methods=[GET]}" onto java.lang.String com.bootdo.pc.controller.InvestmentAdminController.add()
2018-09-19 14:24:27 -Mapped "{[/pc/investmentAdmin/remove],methods=[POST]}" onto public com.bootdo.common.utils.R com.bootdo.pc.controller.InvestmentAdminController.remove(java.lang.Integer)
2018-09-19 14:24:27 -Mapped "{[/pc/investmentAdmin/batchRemove],methods=[POST]}" onto public com.bootdo.common.utils.R com.bootdo.pc.controller.InvestmentAdminController.remove(java.lang.Integer[])
2018-09-19 14:24:27 -Mapped "{[/pc/investmentAdmin/update]}" onto public com.bootdo.common.utils.R com.bootdo.pc.controller.InvestmentAdminController.update(com.bootdo.pc.domain.InvestmentDO)
2018-09-19 14:24:27 -Mapped "{[/pc/investmentAdmin/list],methods=[GET]}" onto public com.bootdo.common.utils.PageUtils com.bootdo.pc.controller.InvestmentAdminController.list(java.util.Map<java.lang.String, java.lang.Object>)
2018-09-19 14:24:27 -Mapped "{[/pc/investmentAdmin/save],methods=[POST]}" onto public com.bootdo.common.utils.R com.bootdo.pc.controller.InvestmentAdminController.save(com.bootdo.pc.domain.InvestmentDO)
2018-09-19 14:24:27 -Mapped "{[/pc/investmentAdmin],methods=[GET]}" onto java.lang.String com.bootdo.pc.controller.InvestmentAdminController.Investment()
2018-09-19 14:24:27 -Mapped "{[/pc/investmentAdmin/edit/{id}],methods=[GET]}" onto java.lang.String com.bootdo.pc.controller.InvestmentAdminController.edit(java.lang.Integer,org.springframework.ui.Model)
2018-09-19 14:24:27 -Mapped "{[/pc/page/add],methods=[GET]}" onto java.lang.String com.bootdo.pc.controller.PageController.add()
2018-09-19 14:24:27 -Mapped "{[/pc/page/remove],methods=[POST]}" onto public com.bootdo.common.utils.R com.bootdo.pc.controller.PageController.remove(java.lang.Integer)
2018-09-19 14:24:27 -Mapped "{[/pc/page/batchRemove],methods=[POST]}" onto public com.bootdo.common.utils.R com.bootdo.pc.controller.PageController.remove(java.lang.Integer[])
2018-09-19 14:24:27 -Mapped "{[/pc/page/update]}" onto public com.bootdo.common.utils.R com.bootdo.pc.controller.PageController.update(com.bootdo.pc.domain.PageDO)
2018-09-19 14:24:27 -Mapped "{[/pc/page/list],methods=[POST]}" onto public com.bootdo.common.utils.PageUtils com.bootdo.pc.controller.PageController.list(java.util.Map<java.lang.String, java.lang.Object>)
2018-09-19 14:24:27 -Mapped "{[/pc/page/save],methods=[POST]}" onto public com.bootdo.common.utils.R com.bootdo.pc.controller.PageController.save(com.bootdo.pc.domain.PageDO)
2018-09-19 14:24:27 -Mapped "{[/pc/page],methods=[GET]}" onto java.lang.String com.bootdo.pc.controller.PageController.Page()
2018-09-19 14:24:27 -Mapped "{[/pc/page/edit/{id}],methods=[GET]}" onto java.lang.String com.bootdo.pc.controller.PageController.edit(java.lang.Integer,org.springframework.ui.Model)
2018-09-19 14:24:27 -Mapped "{[/wap/aboutme]}" onto public java.lang.String com.bootdo.pc.wap.AbouteMeWapController.index()
2018-09-19 14:24:27 -Mapped "{[/wap/advantage]}" onto public java.lang.String com.bootdo.pc.wap.AdvantageWapController.index()
2018-09-19 14:24:27 -Mapped "{[/wap/course]}" onto public java.lang.String com.bootdo.pc.wap.CourseWapController.index()
2018-09-19 14:24:27 -Mapped "{[/wap/details]}" onto public java.lang.String com.bootdo.pc.wap.DetailsWapController.index()
2018-09-19 14:24:27 -Mapped "{[/wap/index]}" onto public java.lang.String com.bootdo.pc.wap.HomePageWapController.index()
2018-09-19 14:24:27 -Mapped "{[/wap/investment]}" onto public java.lang.String com.bootdo.pc.wap.InvestmentWapController.index()
2018-09-19 14:24:27 -Mapped "{[/wap/preInvestment]}" onto public java.lang.String com.bootdo.pc.wap.InvestmentWapController.preInvestment()
2018-09-19 14:24:27 -Mapped "{[/wap/news]}" onto public java.lang.String com.bootdo.pc.wap.NewsWapController.index(org.springframework.ui.Model)
2018-09-19 14:24:27 -Mapped "{[/wap/taiwan]}" onto public java.lang.String com.bootdo.pc.wap.TaiWanWapController.index()
2018-09-19 14:24:27 -Mapped "{[/pc/aboutme]}" onto public java.lang.String com.bootdo.pc.web.AbouteMeController.index()
2018-09-19 14:24:27 -Mapped "{[/phone/aboutme]}" onto public java.lang.String com.bootdo.pc.web.AbouteMePhoneController.index()
2018-09-19 14:24:27 -Mapped "{[/pc/advantage]}" onto public java.lang.String com.bootdo.pc.web.AdvantageController.index()
2018-09-19 14:24:27 -Mapped "{[/pc/appiont]}" onto public com.bootdo.common.utils.R com.bootdo.pc.web.BabyAppiontController.save(com.bootdo.pc.domain.AppointmentDO)
2018-09-19 14:24:27 -Mapped "{[/pc/course]}" onto public java.lang.String com.bootdo.pc.web.CourseController.index()
2018-09-19 14:24:27 -Mapped "{[/pc/details]}" onto public java.lang.String com.bootdo.pc.web.DetailsController.index()
2018-09-19 14:24:27 -Mapped "{[/]}" onto public java.lang.String com.bootdo.pc.web.HomePageController.index()
2018-09-19 14:24:27 -Mapped "{[/pc/investment]}" onto public java.lang.String com.bootdo.pc.web.InvestmentController.index()
2018-09-19 14:24:27 -Mapped "{[/pc/addInvestment]}" onto public com.bootdo.common.utils.R com.bootdo.pc.web.InvestmentController.save(com.bootdo.pc.domain.InvestmentDO)
2018-09-19 14:24:27 -Mapped "{[/pc/preInvestment]}" onto public java.lang.String com.bootdo.pc.web.InvestmentController.preInvestment()
2018-09-19 14:24:27 -Mapped "{[/pc/news]}" onto public java.lang.String com.bootdo.pc.web.NewsController.index(org.springframework.ui.Model)
2018-09-19 14:24:27 -Mapped "{[/pc/taiwan]}" onto public java.lang.String com.bootdo.pc.web.TaiWanController.index()
2018-09-19 14:24:27 -Mapped "{[/system/sysDept/add/{pId}],methods=[GET]}" onto java.lang.String com.bootdo.system.controller.DeptController.add(java.lang.Long,org.springframework.ui.Model)
2018-09-19 14:24:27 -Mapped "{[/system/sysDept/remove],methods=[POST]}" onto public com.bootdo.common.utils.R com.bootdo.system.controller.DeptController.remove(java.lang.Long)
2018-09-19 14:24:27 -Mapped "{[/system/sysDept/batchRemove],methods=[POST]}" onto public com.bootdo.common.utils.R com.bootdo.system.controller.DeptController.remove(java.lang.Long[])
2018-09-19 14:24:27 -Mapped "{[/system/sysDept/update]}" onto public com.bootdo.common.utils.R com.bootdo.system.controller.DeptController.update(com.bootdo.system.domain.DeptDO)
2018-09-19 14:24:27 -Mapped "{[/system/sysDept/list],methods=[GET]}" onto public java.util.List<com.bootdo.system.domain.DeptDO> com.bootdo.system.controller.DeptController.list()
2018-09-19 14:24:27 -Mapped "{[/system/sysDept/save],methods=[POST]}" onto public com.bootdo.common.utils.R com.bootdo.system.controller.DeptController.save(com.bootdo.system.domain.DeptDO)
2018-09-19 14:24:27 -Mapped "{[/system/sysDept/tree],methods=[GET]}" onto public com.bootdo.common.domain.Tree<com.bootdo.system.domain.DeptDO> com.bootdo.system.controller.DeptController.tree()
2018-09-19 14:24:27 -Mapped "{[/system/sysDept/treeView],methods=[GET]}" onto java.lang.String com.bootdo.system.controller.DeptController.treeView()
2018-09-19 14:24:27 -Mapped "{[/system/sysDept],methods=[GET]}" onto java.lang.String com.bootdo.system.controller.DeptController.dept()
2018-09-19 14:24:27 -Mapped "{[/system/sysDept/edit/{deptId}],methods=[GET]}" onto java.lang.String com.bootdo.system.controller.DeptController.edit(java.lang.Long,org.springframework.ui.Model)
2018-09-19 14:24:27 -Mapped "{[/adminIndex],methods=[GET]}" onto java.lang.String com.bootdo.system.controller.LoginController.index(org.springframework.ui.Model)
2018-09-19 14:24:27 -Mapped "{[/main],methods=[GET]}" onto java.lang.String com.bootdo.system.controller.LoginController.main()
2018-09-19 14:24:27 -Mapped "{[/logout],methods=[GET]}" onto java.lang.String com.bootdo.system.controller.LoginController.logout()
2018-09-19 14:24:27 -Mapped "{[/login],methods=[POST]}" onto com.bootdo.common.utils.R com.bootdo.system.controller.LoginController.ajaxLogin(java.lang.String,java.lang.String)
2018-09-19 14:24:27 -Mapped "{[/login],methods=[GET]}" onto java.lang.String com.bootdo.system.controller.LoginController.login()
2018-09-19 14:24:27 -Mapped "{[/sys/menu/add/{pId}],methods=[GET]}" onto java.lang.String com.bootdo.system.controller.MenuController.add(org.springframework.ui.Model,java.lang.Long)
2018-09-19 14:24:27 -Mapped "{[/sys/menu/remove],methods=[POST]}" onto com.bootdo.common.utils.R com.bootdo.system.controller.MenuController.remove(java.lang.Long)
2018-09-19 14:24:27 -Mapped "{[/sys/menu/update],methods=[POST]}" onto com.bootdo.common.utils.R com.bootdo.system.controller.MenuController.update(com.bootdo.system.domain.MenuDO)
2018-09-19 14:24:27 -Mapped "{[/sys/menu/list]}" onto java.util.List<com.bootdo.system.domain.MenuDO> com.bootdo.system.controller.MenuController.list(java.util.Map<java.lang.String, java.lang.Object>)
2018-09-19 14:24:27 -Mapped "{[/sys/menu/save],methods=[POST]}" onto com.bootdo.common.utils.R com.bootdo.system.controller.MenuController.save(com.bootdo.system.domain.MenuDO)
2018-09-19 14:24:27 -Mapped "{[/sys/menu/tree/{roleId}],methods=[GET]}" onto com.bootdo.common.domain.Tree<com.bootdo.system.domain.MenuDO> com.bootdo.system.controller.MenuController.tree(java.lang.Long)
2018-09-19 14:24:27 -Mapped "{[/sys/menu/tree],methods=[GET]}" onto com.bootdo.common.domain.Tree<com.bootdo.system.domain.MenuDO> com.bootdo.system.controller.MenuController.tree()
2018-09-19 14:24:27 -Mapped "{[/sys/menu],methods=[GET]}" onto java.lang.String com.bootdo.system.controller.MenuController.menu(org.springframework.ui.Model)
2018-09-19 14:24:27 -Mapped "{[/sys/menu/edit/{id}],methods=[GET]}" onto java.lang.String com.bootdo.system.controller.MenuController.edit(org.springframework.ui.Model,java.lang.Long)
2018-09-19 14:24:27 -Mapped "{[/sys/role/add],methods=[GET]}" onto java.lang.String com.bootdo.system.controller.RoleController.add()
2018-09-19 14:24:27 -Mapped "{[/sys/role/update],methods=[POST]}" onto com.bootdo.common.utils.R com.bootdo.system.controller.RoleController.update(com.bootdo.system.domain.RoleDO)
2018-09-19 14:24:27 -Mapped "{[/sys/role/list],methods=[GET]}" onto java.util.List<com.bootdo.system.domain.RoleDO> com.bootdo.system.controller.RoleController.list()
2018-09-19 14:24:27 -Mapped "{[/sys/role/remove],methods=[POST]}" onto com.bootdo.common.utils.R com.bootdo.system.controller.RoleController.save(java.lang.Long)
2018-09-19 14:24:27 -Mapped "{[/sys/role/save],methods=[POST]}" onto com.bootdo.common.utils.R com.bootdo.system.controller.RoleController.save(com.bootdo.system.domain.RoleDO)
2018-09-19 14:24:27 -Mapped "{[/sys/role/batchRemove],methods=[POST]}" onto com.bootdo.common.utils.R com.bootdo.system.controller.RoleController.batchRemove(java.lang.Long[])
2018-09-19 14:24:27 -Mapped "{[/sys/role],methods=[GET]}" onto java.lang.String com.bootdo.system.controller.RoleController.role()
2018-09-19 14:24:27 -Mapped "{[/sys/role/edit/{id}],methods=[GET]}" onto java.lang.String com.bootdo.system.controller.RoleController.edit(java.lang.Long,org.springframework.ui.Model)
2018-09-19 14:24:27 -Mapped "{[/sys/online/list]}" onto public java.util.List<com.bootdo.system.domain.UserOnline> com.bootdo.system.controller.SessionController.list()
2018-09-19 14:24:27 -Mapped "{[/sys/online/sessionList]}" onto public java.util.Collection<org.apache.shiro.session.Session> com.bootdo.system.controller.SessionController.sessionList()
2018-09-19 14:24:27 -Mapped "{[/sys/online/forceLogout/{sessionId}]}" onto public com.bootdo.common.utils.R com.bootdo.system.controller.SessionController.forceLogout(java.lang.String,org.springframework.web.servlet.mvc.support.RedirectAttributes)
2018-09-19 14:24:27 -Mapped "{[/sys/online],methods=[GET]}" onto public java.lang.String com.bootdo.system.controller.SessionController.online()
2018-09-19 14:24:27 -Mapped "{[/sys/user/exit],methods=[POST]}" onto boolean com.bootdo.system.controller.UserController.exit(java.util.Map<java.lang.String, java.lang.Object>)
2018-09-19 14:24:27 -Mapped "{[/sys/user/add],methods=[GET]}" onto java.lang.String com.bootdo.system.controller.UserController.add(org.springframework.ui.Model)
2018-09-19 14:24:27 -Mapped "{[/sys/user/remove],methods=[POST]}" onto com.bootdo.common.utils.R com.bootdo.system.controller.UserController.remove(java.lang.Long)
2018-09-19 14:24:27 -Mapped "{[/sys/user/update],methods=[POST]}" onto com.bootdo.common.utils.R com.bootdo.system.controller.UserController.update(com.bootdo.system.domain.UserDO)
2018-09-19 14:24:27 -Mapped "{[/sys/user/list],methods=[GET]}" onto com.bootdo.common.utils.PageUtils com.bootdo.system.controller.UserController.list(java.util.Map<java.lang.String, java.lang.Object>)
2018-09-19 14:24:27 -Mapped "{[/sys/user/save],methods=[POST]}" onto com.bootdo.common.utils.R com.bootdo.system.controller.UserController.save(com.bootdo.system.domain.UserDO)
2018-09-19 14:24:27 -Mapped "{[/sys/user/batchRemove],methods=[POST]}" onto com.bootdo.common.utils.R com.bootdo.system.controller.UserController.batchRemove(java.lang.Long[])
2018-09-19 14:24:27 -Mapped "{[/sys/user/tree],methods=[GET]}" onto public com.bootdo.common.domain.Tree<com.bootdo.system.domain.DeptDO> com.bootdo.system.controller.UserController.tree()
2018-09-19 14:24:27 -Mapped "{[/sys/user],methods=[GET]}" onto java.lang.String com.bootdo.system.controller.UserController.user(org.springframework.ui.Model)
2018-09-19 14:24:27 -Mapped "{[/sys/user/treeView],methods=[GET]}" onto java.lang.String com.bootdo.system.controller.UserController.treeView()
2018-09-19 14:24:27 -Mapped "{[/sys/user/updatePeronal],methods=[POST]}" onto com.bootdo.common.utils.R com.bootdo.system.controller.UserController.updatePeronal(com.bootdo.system.domain.UserDO)
2018-09-19 14:24:27 -Mapped "{[/sys/user/adminResetPwd],methods=[POST]}" onto com.bootdo.common.utils.R com.bootdo.system.controller.UserController.adminResetPwd(com.bootdo.system.vo.UserVO)
2018-09-19 14:24:27 -Mapped "{[/sys/user/resetPwd],methods=[POST]}" onto com.bootdo.common.utils.R com.bootdo.system.controller.UserController.resetPwd(com.bootdo.system.vo.UserVO)
2018-09-19 14:24:27 -Mapped "{[/sys/user/resetPwd/{id}],methods=[GET]}" onto java.lang.String com.bootdo.system.controller.UserController.resetPwd(java.lang.Long,org.springframework.ui.Model)
2018-09-19 14:24:27 -Mapped "{[/sys/user/personal],methods=[GET]}" onto java.lang.String com.bootdo.system.controller.UserController.personal(org.springframework.ui.Model)
2018-09-19 14:24:27 -Mapped "{[/sys/user/edit/{id}],methods=[GET]}" onto java.lang.String com.bootdo.system.controller.UserController.edit(org.springframework.ui.Model,java.lang.Long)
2018-09-19 14:24:27 -Mapped "{[/sys/user/uploadImg],methods=[POST]}" onto com.bootdo.common.utils.R com.bootdo.system.controller.UserController.uploadImg(org.springframework.web.multipart.MultipartFile,java.lang.String,javax.servlet.http.HttpServletRequest)
2018-09-19 14:24:27 -Mapped "{[/v2/api-docs],methods=[GET],produces=[application/json || application/hal+json]}" onto public org.springframework.http.ResponseEntity<springfox.documentation.spring.web.json.Json> springfox.documentation.swagger2.web.Swagger2Controller.getDocumentation(java.lang.String,javax.servlet.http.HttpServletRequest)
2018-09-19 14:24:27 -Mapped "{[/swagger-resources/configuration/security]}" onto org.springframework.http.ResponseEntity<springfox.documentation.swagger.web.SecurityConfiguration> springfox.documentation.swagger.web.ApiResourceController.securityConfiguration()
2018-09-19 14:24:27 -Mapped "{[/swagger-resources/configuration/ui]}" onto org.springframework.http.ResponseEntity<springfox.documentation.swagger.web.UiConfiguration> springfox.documentation.swagger.web.ApiResourceController.uiConfiguration()
2018-09-19 14:24:27 -Mapped "{[/swagger-resources]}" onto org.springframework.http.ResponseEntity<java.util.List<springfox.documentation.swagger.web.SwaggerResource>> springfox.documentation.swagger.web.ApiResourceController.swaggerResources()
2018-09-19 14:24:27 -Initializing ExecutorService  'messageBrokerTaskScheduler'
2018-09-19 14:24:27 -Mapped URL path [/endpointChat/**] onto handler of type [class org.springframework.web.socket.sockjs.support.SockJsHttpRequestHandler]
2018-09-19 14:24:27 -Initializing ExecutorService  'brokerChannelExecutor'
2018-09-19 14:24:27 -Mapped URL path [/**/favicon.ico] onto handler of type [class org.springframework.web.servlet.resource.ResourceHttpRequestHandler]
2018-09-19 14:24:28 -Looking for @ControllerAdvice: org.springframework.boot.web.servlet.context.AnnotationConfigServletWebServerApplicationContext@57fd91c9: startup date [Wed Sep 19 14:24:16 CST 2018]; root of context hierarchy
2018-09-19 14:24:28 -Mapped URL path [/webjars/**] onto handler of type [class org.springframework.web.servlet.resource.ResourceHttpRequestHandler]
2018-09-19 14:24:28 -Mapped URL path [/**] onto handler of type [class org.springframework.web.servlet.resource.ResourceHttpRequestHandler]
2018-09-19 14:24:28 -Mapped URL path [/files/**] onto handler of type [class org.springframework.web.servlet.resource.ResourceHttpRequestHandler]
2018-09-19 14:24:28 -Detected @ExceptionHandler methods in BDExceptionHandler
2018-09-19 14:24:28 -[THYMELEAF][main] Template Mode 'LEGACYHTML5' is deprecated. Using Template Mode 'HTML' instead.
2018-09-19 14:24:29 -Registering beans for JMX exposure on startup
2018-09-19 14:24:29 -Bean with name 'dataSource' has been autodetected for JMX exposure
2018-09-19 14:24:29 -Located MBean 'dataSource': registering with JMX server as MBean [com.alibaba.druid.pool:name=dataSource,type=DruidDataSource]
2018-09-19 14:24:29 -Starting beans in phase 2147483647
2018-09-19 14:24:29 -Context refreshed
2018-09-19 14:24:29 -Found 1 custom documentation plugin(s)
2018-09-19 14:24:29 -Scanning for api listing references
2018-09-19 14:24:30 -Generating unique operation named: indexUsingGET_1
2018-09-19 14:24:30 -Generating unique operation named: indexUsingHEAD_1
2018-09-19 14:24:30 -Generating unique operation named: indexUsingPOST_1
2018-09-19 14:24:30 -Generating unique operation named: indexUsingPUT_1
2018-09-19 14:24:30 -Generating unique operation named: indexUsingPATCH_1
2018-09-19 14:24:30 -Generating unique operation named: indexUsingDELETE_1
2018-09-19 14:24:30 -Generating unique operation named: indexUsingOPTIONS_1
2018-09-19 14:24:30 -Generating unique operation named: indexUsingTRACE_1
2018-09-19 14:24:30 -Generating unique operation named: indexUsingGET_2
2018-09-19 14:24:30 -Generating unique operation named: indexUsingHEAD_2
2018-09-19 14:24:30 -Generating unique operation named: indexUsingPOST_2
2018-09-19 14:24:30 -Generating unique operation named: indexUsingPUT_2
2018-09-19 14:24:30 -Generating unique operation named: indexUsingPATCH_2
2018-09-19 14:24:30 -Generating unique operation named: indexUsingDELETE_2
2018-09-19 14:24:30 -Generating unique operation named: indexUsingOPTIONS_2
2018-09-19 14:24:30 -Generating unique operation named: indexUsingTRACE_2
2018-09-19 14:24:30 -Generating unique operation named: indexUsingGET_3
2018-09-19 14:24:30 -Generating unique operation named: indexUsingHEAD_3
2018-09-19 14:24:30 -Generating unique operation named: indexUsingPOST_3
2018-09-19 14:24:30 -Generating unique operation named: indexUsingPUT_3
2018-09-19 14:24:30 -Generating unique operation named: indexUsingPATCH_3
2018-09-19 14:24:30 -Generating unique operation named: indexUsingDELETE_3
2018-09-19 14:24:30 -Generating unique operation named: indexUsingOPTIONS_3
2018-09-19 14:24:30 -Generating unique operation named: indexUsingTRACE_3
2018-09-19 14:24:30 -Generating unique operation named: indexUsingGET_4
2018-09-19 14:24:30 -Generating unique operation named: indexUsingHEAD_4
2018-09-19 14:24:30 -Generating unique operation named: indexUsingPOST_4
2018-09-19 14:24:30 -Generating unique operation named: indexUsingPUT_4
2018-09-19 14:24:30 -Generating unique operation named: indexUsingPATCH_4
2018-09-19 14:24:30 -Generating unique operation named: indexUsingDELETE_4
2018-09-19 14:24:30 -Generating unique operation named: indexUsingOPTIONS_4
2018-09-19 14:24:30 -Generating unique operation named: indexUsingTRACE_4
2018-09-19 14:24:30 -Generating unique operation named: removeUsingPOST_1
2018-09-19 14:24:30 -Generating unique operation named: saveUsingPOST_1
2018-09-19 14:24:30 -Generating unique operation named: addUsingGET_1
2018-09-19 14:24:30 -Generating unique operation named: editUsingGET_1
2018-09-19 14:24:30 -Generating unique operation named: listUsingGET_1
2018-09-19 14:24:30 -Generating unique operation named: removeUsingPOST_2
2018-09-19 14:24:30 -Generating unique operation named: removeUsingPOST_3
2018-09-19 14:24:30 -Generating unique operation named: saveUsingPOST_2
2018-09-19 14:24:30 -Generating unique operation named: updateUsingGET_1
2018-09-19 14:24:30 -Generating unique operation named: updateUsingHEAD_1
2018-09-19 14:24:30 -Generating unique operation named: updateUsingPOST_1
2018-09-19 14:24:30 -Generating unique operation named: updateUsingPUT_1
2018-09-19 14:24:30 -Generating unique operation named: updateUsingPATCH_1
2018-09-19 14:24:30 -Generating unique operation named: updateUsingDELETE_1
2018-09-19 14:24:30 -Generating unique operation named: updateUsingOPTIONS_1
2018-09-19 14:24:30 -Generating unique operation named: updateUsingTRACE_1
2018-09-19 14:24:30 -Generating unique operation named: indexUsingGET_5
2018-09-19 14:24:30 -Generating unique operation named: indexUsingHEAD_5
2018-09-19 14:24:30 -Generating unique operation named: indexUsingPOST_5
2018-09-19 14:24:30 -Generating unique operation named: indexUsingPUT_5
2018-09-19 14:24:30 -Generating unique operation named: indexUsingPATCH_5
2018-09-19 14:24:30 -Generating unique operation named: indexUsingDELETE_5
2018-09-19 14:24:30 -Generating unique operation named: indexUsingOPTIONS_5
2018-09-19 14:24:30 -Generating unique operation named: indexUsingTRACE_5
2018-09-19 14:24:30 -Generating unique operation named: indexUsingGET_6
2018-09-19 14:24:30 -Generating unique operation named: indexUsingHEAD_6
2018-09-19 14:24:30 -Generating unique operation named: indexUsingPOST_6
2018-09-19 14:24:30 -Generating unique operation named: indexUsingPUT_6
2018-09-19 14:24:30 -Generating unique operation named: indexUsingPATCH_6
2018-09-19 14:24:30 -Generating unique operation named: indexUsingDELETE_6
2018-09-19 14:24:30 -Generating unique operation named: indexUsingOPTIONS_6
2018-09-19 14:24:30 -Generating unique operation named: indexUsingTRACE_6
2018-09-19 14:24:30 -Generating unique operation named: addUsingGET_2
2018-09-19 14:24:30 -Generating unique operation named: editUsingGET_2
2018-09-19 14:24:30 -Generating unique operation named: listUsingGET_2
2018-09-19 14:24:30 -Generating unique operation named: removeUsingPOST_4
2018-09-19 14:24:30 -Generating unique operation named: removeUsingPOST_5
2018-09-19 14:24:30 -Generating unique operation named: saveUsingPOST_3
2018-09-19 14:24:30 -Generating unique operation named: updateUsingGET_2
2018-09-19 14:24:30 -Generating unique operation named: updateUsingHEAD_2
2018-09-19 14:24:30 -Generating unique operation named: updateUsingPOST_2
2018-09-19 14:24:30 -Generating unique operation named: updateUsingPUT_2
2018-09-19 14:24:30 -Generating unique operation named: updateUsingPATCH_2
2018-09-19 14:24:30 -Generating unique operation named: updateUsingDELETE_2
2018-09-19 14:24:30 -Generating unique operation named: updateUsingOPTIONS_2
2018-09-19 14:24:30 -Generating unique operation named: updateUsingTRACE_2
2018-09-19 14:24:30 -Generating unique operation named: indexUsingGET_7
2018-09-19 14:24:30 -Generating unique operation named: indexUsingHEAD_7
2018-09-19 14:24:30 -Generating unique operation named: indexUsingPOST_7
2018-09-19 14:24:30 -Generating unique operation named: indexUsingPUT_7
2018-09-19 14:24:30 -Generating unique operation named: indexUsingPATCH_7
2018-09-19 14:24:30 -Generating unique operation named: indexUsingDELETE_7
2018-09-19 14:24:30 -Generating unique operation named: indexUsingOPTIONS_7
2018-09-19 14:24:30 -Generating unique operation named: indexUsingTRACE_7
2018-09-19 14:24:30 -Generating unique operation named: indexUsingGET_8
2018-09-19 14:24:30 -Generating unique operation named: indexUsingHEAD_8
2018-09-19 14:24:30 -Generating unique operation named: indexUsingPOST_8
2018-09-19 14:24:30 -Generating unique operation named: indexUsingPUT_8
2018-09-19 14:24:30 -Generating unique operation named: indexUsingPATCH_8
2018-09-19 14:24:30 -Generating unique operation named: indexUsingDELETE_8
2018-09-19 14:24:30 -Generating unique operation named: indexUsingOPTIONS_8
2018-09-19 14:24:30 -Generating unique operation named: indexUsingTRACE_8
2018-09-19 14:24:30 -Generating unique operation named: addUsingGET_3
2018-09-19 14:24:30 -Generating unique operation named: editUsingGET_3
2018-09-19 14:24:30 -Generating unique operation named: listUsingGET_3
2018-09-19 14:24:30 -Generating unique operation named: removeUsingPOST_6
2018-09-19 14:24:30 -Generating unique operation named: removeUsingPOST_7
2018-09-19 14:24:30 -Generating unique operation named: saveUsingPOST_4
2018-09-19 14:24:30 -Generating unique operation named: updateUsingGET_3
2018-09-19 14:24:30 -Generating unique operation named: updateUsingHEAD_3
2018-09-19 14:24:30 -Generating unique operation named: updateUsingPOST_3
2018-09-19 14:24:30 -Generating unique operation named: updateUsingPUT_3
2018-09-19 14:24:30 -Generating unique operation named: updateUsingPATCH_3
2018-09-19 14:24:30 -Generating unique operation named: updateUsingDELETE_3
2018-09-19 14:24:30 -Generating unique operation named: updateUsingOPTIONS_3
2018-09-19 14:24:30 -Generating unique operation named: updateUsingTRACE_3
2018-09-19 14:24:30 -Generating unique operation named: addUsingGET_4
2018-09-19 14:24:30 -Generating unique operation named: editUsingGET_4
2018-09-19 14:24:30 -Generating unique operation named: listUsingGET_4
2018-09-19 14:24:30 -Generating unique operation named: removeUsingPOST_8
2018-09-19 14:24:30 -Generating unique operation named: removeUsingPOST_9
2018-09-19 14:24:30 -Generating unique operation named: saveUsingPOST_5
2018-09-19 14:24:30 -Generating unique operation named: updateUsingGET_4
2018-09-19 14:24:30 -Generating unique operation named: updateUsingHEAD_4
2018-09-19 14:24:30 -Generating unique operation named: updateUsingPOST_4
2018-09-19 14:24:30 -Generating unique operation named: updateUsingPUT_4
2018-09-19 14:24:30 -Generating unique operation named: updateUsingPATCH_4
2018-09-19 14:24:30 -Generating unique operation named: updateUsingDELETE_4
2018-09-19 14:24:30 -Generating unique operation named: updateUsingOPTIONS_4
2018-09-19 14:24:30 -Generating unique operation named: updateUsingTRACE_4
2018-09-19 14:24:30 -Generating unique operation named: editUsingGET_5
2018-09-19 14:24:30 -Generating unique operation named: listUsingGET_5
2018-09-19 14:24:30 -Generating unique operation named: updateUsingPOST_5
2018-09-19 14:24:30 -Generating unique operation named: addUsingGET_5
2018-09-19 14:24:30 -Generating unique operation named: editUsingGET_6
2018-09-19 14:24:30 -Generating unique operation named: removeUsingPOST_10
2018-09-19 14:24:30 -Generating unique operation named: removeUsingPOST_11
2018-09-19 14:24:30 -Generating unique operation named: saveUsingPOST_6
2018-09-19 14:24:30 -Generating unique operation named: updateUsingGET_5
2018-09-19 14:24:30 -Generating unique operation named: updateUsingHEAD_5
2018-09-19 14:24:30 -Generating unique operation named: updateUsingPOST_6
2018-09-19 14:24:30 -Generating unique operation named: updateUsingPUT_5
2018-09-19 14:24:30 -Generating unique operation named: updateUsingPATCH_5
2018-09-19 14:24:30 -Generating unique operation named: updateUsingDELETE_5
2018-09-19 14:24:30 -Generating unique operation named: updateUsingOPTIONS_5
2018-09-19 14:24:30 -Generating unique operation named: updateUsingTRACE_5
2018-09-19 14:24:30 -Generating unique operation named: indexUsingGET_9
2018-09-19 14:24:30 -Generating unique operation named: indexUsingHEAD_9
2018-09-19 14:24:30 -Generating unique operation named: indexUsingPOST_9
2018-09-19 14:24:30 -Generating unique operation named: indexUsingPUT_9
2018-09-19 14:24:30 -Generating unique operation named: indexUsingPATCH_9
2018-09-19 14:24:30 -Generating unique operation named: indexUsingDELETE_9
2018-09-19 14:24:30 -Generating unique operation named: indexUsingOPTIONS_9
2018-09-19 14:24:30 -Generating unique operation named: indexUsingTRACE_9
2018-09-19 14:24:30 -Generating unique operation named: indexUsingGET_10
2018-09-19 14:24:30 -Generating unique operation named: indexUsingHEAD_10
2018-09-19 14:24:30 -Generating unique operation named: indexUsingPOST_10
2018-09-19 14:24:30 -Generating unique operation named: indexUsingPUT_10
2018-09-19 14:24:30 -Generating unique operation named: indexUsingPATCH_10
2018-09-19 14:24:30 -Generating unique operation named: indexUsingDELETE_10
2018-09-19 14:24:30 -Generating unique operation named: indexUsingOPTIONS_10
2018-09-19 14:24:30 -Generating unique operation named: indexUsingTRACE_10
2018-09-19 14:24:30 -Generating unique operation named: addUsingGET_6
2018-09-19 14:24:30 -Generating unique operation named: editUsingGET_7
2018-09-19 14:24:30 -Generating unique operation named: listUsingGET_6
2018-09-19 14:24:30 -Generating unique operation named: removeUsingPOST_12
2018-09-19 14:24:30 -Generating unique operation named: removeUsingPOST_13
2018-09-19 14:24:30 -Generating unique operation named: saveUsingPOST_7
2018-09-19 14:24:30 -Generating unique operation named: updateUsingGET_6
2018-09-19 14:24:30 -Generating unique operation named: updateUsingHEAD_6
2018-09-19 14:24:30 -Generating unique operation named: updateUsingPOST_7
2018-09-19 14:24:30 -Generating unique operation named: updateUsingPUT_6
2018-09-19 14:24:30 -Generating unique operation named: updateUsingPATCH_6
2018-09-19 14:24:30 -Generating unique operation named: updateUsingDELETE_6
2018-09-19 14:24:30 -Generating unique operation named: updateUsingOPTIONS_6
2018-09-19 14:24:30 -Generating unique operation named: updateUsingTRACE_6
2018-09-19 14:24:30 -Generating unique operation named: indexUsingGET_11
2018-09-19 14:24:30 -Generating unique operation named: indexUsingHEAD_11
2018-09-19 14:24:30 -Generating unique operation named: indexUsingPOST_11
2018-09-19 14:24:30 -Generating unique operation named: indexUsingPUT_11
2018-09-19 14:24:30 -Generating unique operation named: indexUsingPATCH_11
2018-09-19 14:24:30 -Generating unique operation named: indexUsingDELETE_11
2018-09-19 14:24:30 -Generating unique operation named: indexUsingOPTIONS_11
2018-09-19 14:24:30 -Generating unique operation named: indexUsingTRACE_11
2018-09-19 14:24:30 -Generating unique operation named: saveUsingGET_1
2018-09-19 14:24:30 -Generating unique operation named: saveUsingHEAD_1
2018-09-19 14:24:30 -Generating unique operation named: saveUsingPOST_8
2018-09-19 14:24:30 -Generating unique operation named: saveUsingPUT_1
2018-09-19 14:24:30 -Generating unique operation named: saveUsingPATCH_1
2018-09-19 14:24:30 -Generating unique operation named: saveUsingDELETE_1
2018-09-19 14:24:30 -Generating unique operation named: saveUsingOPTIONS_1
2018-09-19 14:24:30 -Generating unique operation named: saveUsingTRACE_1
2018-09-19 14:24:30 -Generating unique operation named: indexUsingGET_12
2018-09-19 14:24:30 -Generating unique operation named: indexUsingHEAD_12
2018-09-19 14:24:30 -Generating unique operation named: indexUsingPOST_12
2018-09-19 14:24:30 -Generating unique operation named: indexUsingPUT_12
2018-09-19 14:24:30 -Generating unique operation named: indexUsingPATCH_12
2018-09-19 14:24:30 -Generating unique operation named: indexUsingDELETE_12
2018-09-19 14:24:30 -Generating unique operation named: indexUsingOPTIONS_12
2018-09-19 14:24:30 -Generating unique operation named: indexUsingTRACE_12
2018-09-19 14:24:30 -Generating unique operation named: preInvestmentUsingGET_1
2018-09-19 14:24:30 -Generating unique operation named: preInvestmentUsingHEAD_1
2018-09-19 14:24:30 -Generating unique operation named: preInvestmentUsingPOST_1
2018-09-19 14:24:30 -Generating unique operation named: preInvestmentUsingPUT_1
2018-09-19 14:24:30 -Generating unique operation named: preInvestmentUsingPATCH_1
2018-09-19 14:24:30 -Generating unique operation named: preInvestmentUsingDELETE_1
2018-09-19 14:24:30 -Generating unique operation named: preInvestmentUsingOPTIONS_1
2018-09-19 14:24:30 -Generating unique operation named: preInvestmentUsingTRACE_1
2018-09-19 14:24:30 -Generating unique operation named: addUsingGET_7
2018-09-19 14:24:30 -Generating unique operation named: editUsingGET_8
2018-09-19 14:24:30 -Generating unique operation named: infoUsingGET_1
2018-09-19 14:24:30 -Generating unique operation named: infoUsingHEAD_1
2018-09-19 14:24:30 -Generating unique operation named: infoUsingPOST_1
2018-09-19 14:24:30 -Generating unique operation named: infoUsingPUT_1
2018-09-19 14:24:30 -Generating unique operation named: infoUsingPATCH_1
2018-09-19 14:24:30 -Generating unique operation named: infoUsingDELETE_1
2018-09-19 14:24:30 -Generating unique operation named: infoUsingOPTIONS_1
2018-09-19 14:24:30 -Generating unique operation named: infoUsingTRACE_1
2018-09-19 14:24:30 -Generating unique operation named: listUsingGET_7
2018-09-19 14:24:30 -Generating unique operation named: removeUsingPOST_14
2018-09-19 14:24:30 -Generating unique operation named: removeUsingPOST_15
2018-09-19 14:24:30 -Generating unique operation named: saveUsingPOST_9
2018-09-19 14:24:30 -Generating unique operation named: updateUsingPOST_8
2018-09-19 14:24:30 -Generating unique operation named: listUsingGET_8
2018-09-19 14:24:30 -Generating unique operation named: removeUsingPOST_16
2018-09-19 14:24:30 -Generating unique operation named: indexUsingGET_13
2018-09-19 14:24:30 -Generating unique operation named: addUsingGET_8
2018-09-19 14:24:30 -Generating unique operation named: editUsingGET_9
2018-09-19 14:24:30 -Generating unique operation named: listUsingGET_9
2018-09-19 14:24:30 -Generating unique operation named: listUsingPOST_1
2018-09-19 14:24:30 -Generating unique operation named: removeUsingPOST_17
2018-09-19 14:24:30 -Generating unique operation named: saveUsingPOST_10
2018-09-19 14:24:30 -Generating unique operation named: treeUsingGET_1
2018-09-19 14:24:30 -Generating unique operation named: treeUsingGET_2
2018-09-19 14:24:30 -Generating unique operation named: updateUsingPOST_9
2018-09-19 14:24:30 -Generating unique operation named: batchRemoveUsingPOST_1
2018-09-19 14:24:31 -Generating unique operation named: editUsingGET_10
2018-09-19 14:24:31 -Generating unique operation named: listUsingGET_10
2018-09-19 14:24:31 -Generating unique operation named: indexUsingGET_14
2018-09-19 14:24:31 -Generating unique operation named: indexUsingHEAD_13
2018-09-19 14:24:31 -Generating unique operation named: indexUsingPOST_13
2018-09-19 14:24:31 -Generating unique operation named: indexUsingPUT_13
2018-09-19 14:24:31 -Generating unique operation named: indexUsingPATCH_13
2018-09-19 14:24:31 -Generating unique operation named: indexUsingDELETE_13
2018-09-19 14:24:31 -Generating unique operation named: indexUsingOPTIONS_13
2018-09-19 14:24:31 -Generating unique operation named: indexUsingTRACE_13
2018-09-19 14:24:31 -Generating unique operation named: indexUsingGET_15
2018-09-19 14:24:31 -Generating unique operation named: indexUsingHEAD_14
2018-09-19 14:24:31 -Generating unique operation named: indexUsingPOST_14
2018-09-19 14:24:31 -Generating unique operation named: indexUsingPUT_14
2018-09-19 14:24:31 -Generating unique operation named: indexUsingPATCH_14
2018-09-19 14:24:31 -Generating unique operation named: indexUsingDELETE_14
2018-09-19 14:24:31 -Generating unique operation named: indexUsingOPTIONS_14
2018-09-19 14:24:31 -Generating unique operation named: indexUsingTRACE_14
2018-09-19 14:24:31 -Generating unique operation named: addUsingGET_9
2018-09-19 14:24:31 -Generating unique operation named: editUsingGET_11
2018-09-19 14:24:31 -Generating unique operation named: listUsingGET_11
2018-09-19 14:24:31 -Generating unique operation named: removeUsingPOST_18
2018-09-19 14:24:31 -Generating unique operation named: removeUsingPOST_19
2018-09-19 14:24:31 -Generating unique operation named: saveUsingPOST_11
2018-09-19 14:24:31 -Generating unique operation named: updateUsingGET_7
2018-09-19 14:24:31 -Generating unique operation named: updateUsingHEAD_7
2018-09-19 14:24:31 -Generating unique operation named: updateUsingPOST_10
2018-09-19 14:24:31 -Generating unique operation named: updateUsingPUT_7
2018-09-19 14:24:31 -Generating unique operation named: updateUsingPATCH_7
2018-09-19 14:24:31 -Generating unique operation named: updateUsingDELETE_7
2018-09-19 14:24:31 -Generating unique operation named: updateUsingOPTIONS_7
2018-09-19 14:24:31 -Generating unique operation named: updateUsingTRACE_7
2018-09-19 14:24:31 -Generating unique operation named: addUsingGET_10
2018-09-19 14:24:31 -Generating unique operation named: editUsingGET_12
2018-09-19 14:24:31 -Generating unique operation named: listUsingPOST_2
2018-09-19 14:24:31 -Generating unique operation named: removeUsingPOST_20
2018-09-19 14:24:31 -Generating unique operation named: removeUsingPOST_21
2018-09-19 14:24:31 -Generating unique operation named: saveUsingPOST_12
2018-09-19 14:24:31 -Generating unique operation named: updateUsingGET_8
2018-09-19 14:24:31 -Generating unique operation named: updateUsingHEAD_8
2018-09-19 14:24:31 -Generating unique operation named: updateUsingPOST_11
2018-09-19 14:24:31 -Generating unique operation named: updateUsingPUT_8
2018-09-19 14:24:31 -Generating unique operation named: updateUsingPATCH_8
2018-09-19 14:24:31 -Generating unique operation named: updateUsingDELETE_8
2018-09-19 14:24:31 -Generating unique operation named: updateUsingOPTIONS_8
2018-09-19 14:24:31 -Generating unique operation named: updateUsingTRACE_8
2018-09-19 14:24:31 -Generating unique operation named: addUsingGET_11
2018-09-19 14:24:31 -Generating unique operation named: batchRemoveUsingPOST_2
2018-09-19 14:24:31 -Generating unique operation named: deployUsingPOST_1
2018-09-19 14:24:31 -Generating unique operation named: listUsingGET_12
2018-09-19 14:24:31 -Generating unique operation named: removeUsingPOST_22
2018-09-19 14:24:31 -Generating unique operation named: addUsingGET_12
2018-09-19 14:24:31 -Generating unique operation named: batchRemoveUsingPOST_3
2018-09-19 14:24:31 -Generating unique operation named: editUsingGET_13
2018-09-19 14:24:31 -Generating unique operation named: listUsingGET_13
2018-09-19 14:24:31 -Generating unique operation named: saveUsingPOST_13
2018-09-19 14:24:31 -Generating unique operation named: saveUsingPOST_14
2018-09-19 14:24:31 -Generating unique operation named: updateUsingPOST_12
2018-09-19 14:24:31 -Generating unique operation named: addUsingGET_13
2018-09-19 14:24:31 -Generating unique operation named: editUsingGET_14
2018-09-19 14:24:31 -Generating unique operation named: listUsingGET_14
2018-09-19 14:24:31 -Generating unique operation named: removeUsingPOST_23
2018-09-19 14:24:31 -Generating unique operation named: removeUsingPOST_24
2018-09-19 14:24:31 -Generating unique operation named: updateUsingGET_9
2018-09-19 14:24:31 -Generating unique operation named: updateUsingHEAD_9
2018-09-19 14:24:31 -Generating unique operation named: updateUsingPOST_13
2018-09-19 14:24:31 -Generating unique operation named: updateUsingPUT_9
2018-09-19 14:24:31 -Generating unique operation named: updateUsingPATCH_9
2018-09-19 14:24:31 -Generating unique operation named: updateUsingDELETE_9
2018-09-19 14:24:31 -Generating unique operation named: updateUsingOPTIONS_9
2018-09-19 14:24:31 -Generating unique operation named: updateUsingTRACE_9
2018-09-19 14:24:31 -Generating unique operation named: listUsingGET_15
2018-09-19 14:24:31 -Generating unique operation named: listUsingHEAD_1
2018-09-19 14:24:31 -Generating unique operation named: listUsingPOST_3
2018-09-19 14:24:31 -Generating unique operation named: listUsingPUT_1
2018-09-19 14:24:31 -Generating unique operation named: listUsingPATCH_1
2018-09-19 14:24:31 -Generating unique operation named: listUsingDELETE_1
2018-09-19 14:24:31 -Generating unique operation named: listUsingOPTIONS_1
2018-09-19 14:24:31 -Generating unique operation named: listUsingTRACE_1
2018-09-19 14:24:31 -Generating unique operation named: indexUsingGET_16
2018-09-19 14:24:31 -Generating unique operation named: indexUsingHEAD_15
2018-09-19 14:24:31 -Generating unique operation named: indexUsingPOST_15
2018-09-19 14:24:31 -Generating unique operation named: indexUsingPUT_15
2018-09-19 14:24:31 -Generating unique operation named: indexUsingPATCH_15
2018-09-19 14:24:31 -Generating unique operation named: indexUsingDELETE_15
2018-09-19 14:24:31 -Generating unique operation named: indexUsingOPTIONS_15
2018-09-19 14:24:31 -Generating unique operation named: indexUsingTRACE_15
2018-09-19 14:24:31 -Generating unique operation named: indexUsingGET_17
2018-09-19 14:24:31 -Generating unique operation named: indexUsingHEAD_16
2018-09-19 14:24:31 -Generating unique operation named: indexUsingPOST_16
2018-09-19 14:24:31 -Generating unique operation named: indexUsingPUT_16
2018-09-19 14:24:31 -Generating unique operation named: indexUsingPATCH_16
2018-09-19 14:24:31 -Generating unique operation named: indexUsingDELETE_16
2018-09-19 14:24:31 -Generating unique operation named: indexUsingOPTIONS_16
2018-09-19 14:24:31 -Generating unique operation named: indexUsingTRACE_16
2018-09-19 14:24:31 -Generating unique operation named: listUsingGET_16
2018-09-19 14:24:31 -Generating unique operation named: addUsingGET_14
2018-09-19 14:24:31 -Generating unique operation named: batchRemoveUsingPOST_4
2018-09-19 14:24:31 -Generating unique operation named: editUsingGET_15
2018-09-19 14:24:31 -Generating unique operation named: listUsingGET_17
2018-09-19 14:24:31 -Generating unique operation named: removeUsingPOST_25
2018-09-19 14:24:31 -Generating unique operation named: saveUsingPOST_15
2018-09-19 14:24:31 -Generating unique operation named: treeUsingGET_3
2018-09-19 14:24:31 -Generating unique operation named: treeViewUsingGET_1
2018-09-19 14:24:31 -Generating unique operation named: updateUsingPOST_14
2018-09-19 14:24:31 -Generating unique operation named: uploadImgUsingPOST_1
2018-09-19 14:24:31 -Starting Quartz Scheduler now
2018-09-19 14:24:31 -Scheduler schedulerFactoryBean_$_NON_CLUSTERED started.
2018-09-19 14:24:31 -Starting...
2018-09-19 14:24:31 -BrokerAvailabilityEvent[available=true, SimpleBrokerMessageHandler [DefaultSubscriptionRegistry[cache[0 destination(s)], registry[0 sessions]]]]
2018-09-19 14:24:31 -Started.
2018-09-19 14:24:31 -Starting ProtocolHandler ["http-nio-8080"]
2018-09-19 14:24:31 -Failed to start connector [Connector[HTTP/1.1-8080]]
org.apache.catalina.LifecycleException: Failed to start component [Connector[HTTP/1.1-8080]]
	at org.apache.catalina.util.LifecycleBase.start(LifecycleBase.java:167)
	at org.apache.catalina.core.StandardService.addConnector(StandardService.java:225)
	at org.springframework.boot.web.embedded.tomcat.TomcatWebServer.addPreviouslyRemovedConnectors(TomcatWebServer.java:256)
	at org.springframework.boot.web.embedded.tomcat.TomcatWebServer.start(TomcatWebServer.java:198)
	at org.springframework.boot.web.servlet.context.ServletWebServerApplicationContext.startWebServer(ServletWebServerApplicationContext.java:300)
	at org.springframework.boot.web.servlet.context.ServletWebServerApplicationContext.finishRefresh(ServletWebServerApplicationContext.java:162)
	at org.springframework.context.support.AbstractApplicationContext.refresh(AbstractApplicationContext.java:553)
	at org.springframework.boot.web.servlet.context.ServletWebServerApplicationContext.refresh(ServletWebServerApplicationContext.java:140)
	at org.springframework.boot.SpringApplication.refresh(SpringApplication.java:759)
	at org.springframework.boot.SpringApplication.refreshContext(SpringApplication.java:395)
	at org.springframework.boot.SpringApplication.run(SpringApplication.java:327)
	at org.springframework.boot.SpringApplication.run(SpringApplication.java:1255)
	at org.springframework.boot.SpringApplication.run(SpringApplication.java:1243)
	at com.bootdo.BootdoApplication.main(BootdoApplication.java:23)
Caused by: org.apache.catalina.LifecycleException: Protocol handler start failed
	at org.apache.catalina.connector.Connector.startInternal(Connector.java:1020)
	at org.apache.catalina.util.LifecycleBase.start(LifecycleBase.java:150)
	... 13 common frames omitted
Caused by: java.net.BindException: Address already in use: bind
	at sun.nio.ch.Net.bind0(Native Method)
	at sun.nio.ch.Net.bind(Net.java:433)
	at sun.nio.ch.Net.bind(Net.java:425)
	at sun.nio.ch.ServerSocketChannelImpl.bind(ServerSocketChannelImpl.java:223)
	at sun.nio.ch.ServerSocketAdaptor.bind(ServerSocketAdaptor.java:74)
	at org.apache.tomcat.util.net.NioEndpoint.bind(NioEndpoint.java:210)
	at org.apache.tomcat.util.net.AbstractEndpoint.start(AbstractEndpoint.java:1150)
	at org.apache.coyote.AbstractProtocol.start(AbstractProtocol.java:591)
	at org.apache.catalina.connector.Connector.startInternal(Connector.java:1018)
	... 14 common frames omitted
2018-09-19 14:24:31 -Pausing ProtocolHandler ["http-nio-8080"]
2018-09-19 14:24:31 -Stopping service [Tomcat]
2018-09-19 14:24:31 -The stop() method was called on component [StandardServer[-1]] after stop() had already been called. The second call will be ignored.
2018-09-19 14:24:31 -Stopping ProtocolHandler ["http-nio-8080"]
2018-09-19 14:24:31 -Destroying ProtocolHandler ["http-nio-8080"]
2018-09-19 14:24:31 -

Error starting ApplicationContext. To display the conditions report re-run your application with 'debug' enabled.
2018-09-19 14:24:31 -

***************************
APPLICATION FAILED TO START
***************************

Description:

The Tomcat connector configured to listen on port 8080 failed to start. The port may already be in use or the connector may be misconfigured.

Action:

Verify the connector's configuration, identify and stop any process that's listening on port 8080, or configure this application to listen on another port.

2018-09-19 14:24:31 -Closing org.springframework.boot.web.servlet.context.AnnotationConfigServletWebServerApplicationContext@57fd91c9: startup date [Wed Sep 19 14:24:16 CST 2018]; root of context hierarchy
2018-09-19 14:24:31 -Stopping beans in phase 2147483647
2018-09-19 14:24:31 -Scheduler schedulerFactoryBean_$_NON_CLUSTERED paused.
2018-09-19 14:24:31 -Stopping...
2018-09-19 14:24:31 -BrokerAvailabilityEvent[available=false, SimpleBrokerMessageHandler [DefaultSubscriptionRegistry[cache[0 destination(s)], registry[0 sessions]]]]
2018-09-19 14:24:31 -Stopped.
2018-09-19 14:24:31 -Unregistering JMX-exposed beans on shutdown
2018-09-19 14:24:31 -Unregistering JMX-exposed beans
2018-09-19 14:24:31 -Shutting down ExecutorService 'brokerChannelExecutor'
2018-09-19 14:24:31 -Shutting down ExecutorService 'messageBrokerTaskScheduler'
2018-09-19 14:24:31 -Shutting down ExecutorService 'clientOutboundChannelExecutor'
2018-09-19 14:24:31 -Shutting down ExecutorService 'clientInboundChannelExecutor'
2018-09-19 14:24:31 -Scheduler schedulerFactoryBean_$_NON_CLUSTERED shutting down.
2018-09-19 14:24:31 -Scheduler schedulerFactoryBean_$_NON_CLUSTERED paused.
2018-09-19 14:24:31 -Scheduler schedulerFactoryBean_$_NON_CLUSTERED shutdown complete.
2018-09-19 14:24:31 -Shutting down Quartz Scheduler
2018-09-19 14:24:31 -{dataSource-1} closed
2018-09-19 14:57:27 -Starting BootdoApplication on DESKTOP-TJQA6A5 with PID 1100 (started by admin in E:\work\自己的项目\bootdo 20180826\bootdo)
2018-09-19 14:57:27 -Running with Spring Boot v2.0.3.RELEASE, Spring v5.0.7.RELEASE
2018-09-19 14:57:27 -The following profiles are active: dev
2018-09-19 14:57:27 -Refreshing org.springframework.boot.web.servlet.context.AnnotationConfigServletWebServerApplicationContext@6cfcd46d: startup date [Wed Sep 19 14:57:27 CST 2018]; root of context hierarchy
